Started GET "/" for 127.0.0.1 at 2020-11-27 13:18:29 -0500
  [1m[35m (0.7ms)[0m  [1m[34mSELECT sqlite_version(*)[0m
Processing by Rails::WelcomeController#index as HTML
  Rendering /home/jfischer/.rvm/gems/ruby-2.7.0/gems/railties-6.0.3.4/lib/rails/templates/rails/welcome/index.html.erb
  Rendered /home/jfischer/.rvm/gems/ruby-2.7.0/gems/railties-6.0.3.4/lib/rails/templates/rails/welcome/index.html.erb (Duration: 4.3ms | Allocations: 407)
Completed 200 OK in 7ms (Views: 6.2ms | ActiveRecord: 0.0ms | Allocations: 2241)


  [1m[35m (0.2ms)[0m  [1m[34mSELECT sqlite_version(*)[0m
  [1m[35m (5.4ms)[0m  [1m[35mCREATE TABLE "schema_migrations" ("version" varchar NOT NULL PRIMARY KEY)[0m
  [1m[35m (4.4ms)[0m  [1m[35mCREATE TABLE "ar_internal_metadata" ("key" varchar NOT NULL PRIMARY KEY, "value" varchar, "created_at" datetime(6) NOT NULL, "updated_at" datetime(6) NOT NULL)[0m
  [1m[35m (0.1ms)[0m  [1m[34mSELECT "schema_migrations"."version" FROM "schema_migrations" ORDER BY "schema_migrations"."version" ASC[0m
Migrating to CreateTodos (20201127182611)
  [1m[35m (0.1ms)[0m  [1m[36mbegin transaction[0m
  [1m[35m (0.2ms)[0m  [1m[35mCREATE TABLE "todos" ("id" integer PRIMARY KEY AUTOINCREMENT NOT NULL, "task" text, "created_at" datetime(6) NOT NULL, "updated_at" datetime(6) NOT NULL)[0m
  [1m[36mprimary::SchemaMigration Create (0.2ms)[0m  [1m[32mINSERT INTO "schema_migrations" ("version") VALUES (?)[0m  [["version", "20201127182611"]]
  [1m[35m (4.7ms)[0m  [1m[36mcommit transaction[0m
  [1m[36mActiveRecord::InternalMetadata Load (0.1ms)[0m  [1m[34mSELECT "ar_internal_metadata".* FROM "ar_internal_metadata" WHERE "ar_internal_metadata"."key" = ? LIMIT ?[0m  [["key", "environment"], ["LIMIT", 1]]
  [1m[35m (0.0ms)[0m  [1m[36mbegin transaction[0m
  [1m[36mActiveRecord::InternalMetadata Create (0.2ms)[0m  [1m[32mINSERT INTO "ar_internal_metadata" ("key", "value", "created_at", "updated_at") VALUES (?, ?, ?, ?)[0m  [["key", "environment"], ["value", "development"], ["created_at", "2020-11-27 18:26:36.212942"], ["updated_at", "2020-11-27 18:26:36.212942"]]
  [1m[35m (3.9ms)[0m  [1m[36mcommit transaction[0m
  [1m[35m (0.0ms)[0m  [1m[34mSELECT sqlite_version(*)[0m
  [1m[35m (0.1ms)[0m  [1m[34mSELECT "schema_migrations"."version" FROM "schema_migrations" ORDER BY "schema_migrations"."version" ASC[0m
Started GET "/" for 127.0.0.1 at 2020-11-27 13:26:43 -0500
  [1m[35m (0.3ms)[0m  [1m[34mSELECT sqlite_version(*)[0m
  [1m[35m (0.1ms)[0m  [1m[34mSELECT "schema_migrations"."version" FROM "schema_migrations" ORDER BY "schema_migrations"."version" ASC[0m
Processing by Rails::WelcomeController#index as HTML
  Rendering /home/jfischer/.rvm/gems/ruby-2.7.0/gems/railties-6.0.3.4/lib/rails/templates/rails/welcome/index.html.erb
  Rendered /home/jfischer/.rvm/gems/ruby-2.7.0/gems/railties-6.0.3.4/lib/rails/templates/rails/welcome/index.html.erb (Duration: 6.0ms | Allocations: 295)
Completed 200 OK in 8ms (Views: 7.1ms | ActiveRecord: 0.0ms | Allocations: 1538)


Started GET "/todos" for 127.0.0.1 at 2020-11-27 13:26:55 -0500
Processing by TodosController#index as HTML
  [1m[36mTodo Load (0.1ms)[0m  [1m[34mSELECT "todos".* FROM "todos"[0m
  ↳ app/controllers/todos_controller.rb:8:in `index'
Completed 200 OK in 3ms (Views: 1.2ms | ActiveRecord: 0.3ms | Allocations: 1624)


Started GET "/todos" for 127.0.0.1 at 2020-11-27 15:52:18 -0500
  [1m[35m (0.4ms)[0m  [1m[34mSELECT sqlite_version(*)[0m
  [1m[35m (0.1ms)[0m  [1m[34mSELECT "schema_migrations"."version" FROM "schema_migrations" ORDER BY "schema_migrations"."version" ASC[0m
Processing by TodosController#index as HTML
  [1m[36mTodo Load (0.1ms)[0m  [1m[34mSELECT "todos".* FROM "todos"[0m
  ↳ app/controllers/todos_controller.rb:8:in `index'
Completed 200 OK in 2ms (Views: 1.2ms | ActiveRecord: 0.3ms | Allocations: 1579)


Started GET "/todos" for 127.0.0.1 at 2020-11-27 15:52:26 -0500
Processing by TodosController#index as HTML
  [1m[36mTodo Load (0.2ms)[0m  [1m[34mSELECT "todos".* FROM "todos"[0m
  ↳ app/controllers/todos_controller.rb:8:in `index'
Completed 200 OK in 3ms (Views: 2.6ms | ActiveRecord: 0.2ms | Allocations: 811)


  [1m[35m (0.2ms)[0m  [1m[34mSELECT sqlite_version(*)[0m
  [1m[35m (0.1ms)[0m  [1m[34mSELECT "schema_migrations"."version" FROM "schema_migrations" ORDER BY "schema_migrations"."version" ASC[0m
  [1m[35m (0.0ms)[0m  [1m[34mSELECT sqlite_version(*)[0m
  [1m[35m (0.0ms)[0m  [1m[36mbegin transaction[0m
  [1m[36mTodo Create (0.2ms)[0m  [1m[32mINSERT INTO "todos" ("task", "created_at", "updated_at") VALUES (?, ?, ?)[0m  [["task", "this is a default task"], ["created_at", "2020-11-27 20:53:11.570890"], ["updated_at", "2020-11-27 20:53:11.570890"]]
  [1m[35m (14.8ms)[0m  [1m[36mcommit transaction[0m
  [1m[35m (0.0ms)[0m  [1m[36mbegin transaction[0m
  [1m[36mTodo Create (0.2ms)[0m  [1m[32mINSERT INTO "todos" ("task", "created_at", "updated_at") VALUES (?, ?, ?)[0m  [["task", "this is a default task"], ["created_at", "2020-11-27 20:53:11.588906"], ["updated_at", "2020-11-27 20:53:11.588906"]]
  [1m[35m (3.8ms)[0m  [1m[36mcommit transaction[0m
  [1m[35m (0.0ms)[0m  [1m[36mbegin transaction[0m
  [1m[36mTodo Create (0.1ms)[0m  [1m[32mINSERT INTO "todos" ("task", "created_at", "updated_at") VALUES (?, ?, ?)[0m  [["task", "this is a default task"], ["created_at", "2020-11-27 20:53:11.595239"], ["updated_at", "2020-11-27 20:53:11.595239"]]
  [1m[35m (3.7ms)[0m  [1m[36mcommit transaction[0m
  [1m[35m (0.0ms)[0m  [1m[36mbegin transaction[0m
  [1m[36mTodo Create (0.1ms)[0m  [1m[32mINSERT INTO "todos" ("task", "created_at", "updated_at") VALUES (?, ?, ?)[0m  [["task", "this is a default task"], ["created_at", "2020-11-27 20:53:11.601227"], ["updated_at", "2020-11-27 20:53:11.601227"]]
  [1m[35m (3.5ms)[0m  [1m[36mcommit transaction[0m
  [1m[35m (0.0ms)[0m  [1m[36mbegin transaction[0m
  [1m[36mTodo Create (0.1ms)[0m  [1m[32mINSERT INTO "todos" ("task", "created_at", "updated_at") VALUES (?, ?, ?)[0m  [["task", "this is a default task"], ["created_at", "2020-11-27 20:53:11.606991"], ["updated_at", "2020-11-27 20:53:11.606991"]]
  [1m[35m (3.9ms)[0m  [1m[36mcommit transaction[0m
  [1m[35m (0.0ms)[0m  [1m[36mbegin transaction[0m
  [1m[36mTodo Create (0.1ms)[0m  [1m[32mINSERT INTO "todos" ("task", "created_at", "updated_at") VALUES (?, ?, ?)[0m  [["task", "this is a default task"], ["created_at", "2020-11-27 20:53:11.613950"], ["updated_at", "2020-11-27 20:53:11.613950"]]
  [1m[35m (3.6ms)[0m  [1m[36mcommit transaction[0m
  [1m[35m (0.0ms)[0m  [1m[36mbegin transaction[0m
  [1m[36mTodo Create (0.1ms)[0m  [1m[32mINSERT INTO "todos" ("task", "created_at", "updated_at") VALUES (?, ?, ?)[0m  [["task", "this is a default task"], ["created_at", "2020-11-27 20:53:11.620538"], ["updated_at", "2020-11-27 20:53:11.620538"]]
  [1m[35m (3.7ms)[0m  [1m[36mcommit transaction[0m
  [1m[35m (0.0ms)[0m  [1m[36mbegin transaction[0m
  [1m[36mTodo Create (0.1ms)[0m  [1m[32mINSERT INTO "todos" ("task", "created_at", "updated_at") VALUES (?, ?, ?)[0m  [["task", "this is a default task"], ["created_at", "2020-11-27 20:53:11.626752"], ["updated_at", "2020-11-27 20:53:11.626752"]]
  [1m[35m (4.2ms)[0m  [1m[36mcommit transaction[0m
  [1m[35m (0.0ms)[0m  [1m[36mbegin transaction[0m
  [1m[36mTodo Create (0.1ms)[0m  [1m[32mINSERT INTO "todos" ("task", "created_at", "updated_at") VALUES (?, ?, ?)[0m  [["task", "this is a default task"], ["created_at", "2020-11-27 20:53:11.633821"], ["updated_at", "2020-11-27 20:53:11.633821"]]
  [1m[35m (3.6ms)[0m  [1m[36mcommit transaction[0m
  [1m[35m (0.0ms)[0m  [1m[36mbegin transaction[0m
  [1m[36mTodo Create (0.1ms)[0m  [1m[32mINSERT INTO "todos" ("task", "created_at", "updated_at") VALUES (?, ?, ?)[0m  [["task", "this is a default task"], ["created_at", "2020-11-27 20:53:11.640379"], ["updated_at", "2020-11-27 20:53:11.640379"]]
  [1m[35m (4.0ms)[0m  [1m[36mcommit transaction[0m
Started GET "/todos" for 127.0.0.1 at 2020-11-27 15:53:17 -0500
  [1m[35m (0.3ms)[0m  [1m[34mSELECT sqlite_version(*)[0m
  [1m[35m (0.1ms)[0m  [1m[34mSELECT "schema_migrations"."version" FROM "schema_migrations" ORDER BY "schema_migrations"."version" ASC[0m
Processing by TodosController#index as HTML
  [1m[36mTodo Load (0.2ms)[0m  [1m[34mSELECT "todos".* FROM "todos"[0m
  ↳ app/controllers/todos_controller.rb:8:in `index'
Completed 200 OK in 6ms (Views: 4.8ms | ActiveRecord: 0.6ms | Allocations: 4926)


